<?xml version="1.0" encoding="UTF-8"?>
<!-- Generated by org.testng.reporters.JUnitXMLReporter -->
<testsuite ignored="0" hostname="PENNANT-VSP173" failures="0" tests="5" name="Default test" time="0.636" errors="0" timestamp="2023-06-30T14:37:05 IST">
  <testcase classname="test.java.spring.orm.controller.test.DoctorControllerTest" name="testGetDoctor" time="0.013"/>
  <testcase classname="test.java.spring.orm.controller.test.DoctorControllerTest" name="testGetDoctorpage" time="0.074"/>
  <testcase classname="test.java.spring.orm.controller.test.DoctorControllerTest" name="testHandleInvalidWeekdayException" time="0.024"/>
  <testcase classname="test.java.spring.orm.controller.test.DoctorControllerTest" name="testSaveDoctor" time="0.026"/>
  <testcase classname="test.java.spring.orm.controller.test.DoctorControllerTest" name="testUpdateDoctor" time="0.001"/>
</testsuite> <!-- Default test -->
