<?xml version="1.0" encoding="UTF-8"?>
<testng-results ignored="0" total="5" passed="5" failed="0" skipped="0">
  <reporter-output>
  </reporter-output>
  <suite started-at="2023-06-30T14:37:04 IST" name="Default suite" finished-at="2023-06-30T14:37:05 IST" duration-ms="636">
    <groups>
    </groups>
    <test started-at="2023-06-30T14:37:04 IST" name="Default test" finished-at="2023-06-30T14:37:05 IST" duration-ms="636">
      <class name="test.java.spring.orm.controller.test.DoctorControllerTest">
        <test-method is-config="true" signature="setUp()[pri:0, instance:test.java.spring.orm.controller.test.DoctorControllerTest@3a6f2de3]" started-at="2023-06-30T14:37:04 IST" name="setUp" finished-at="2023-06-30T14:37:05 IST" duration-ms="457" status="PASS">
          <reporter-output>
          </reporter-output>
        </test-method> <!-- setUp -->
        <test-method signature="testGetDoctor()[pri:0, instance:test.java.spring.orm.controller.test.DoctorControllerTest@3a6f2de3]" started-at="2023-06-30T14:37:05 IST" name="testGetDoctor" finished-at="2023-06-30T14:37:05 IST" duration-ms="13" status="PASS">
          <reporter-output>
          </reporter-output>
        </test-method> <!-- testGetDoctor -->
        <test-method is-config="true" signature="setUp()[pri:0, instance:test.java.spring.orm.controller.test.DoctorControllerTest@3a6f2de3]" started-at="2023-06-30T14:37:05 IST" name="setUp" finished-at="2023-06-30T14:37:05 IST" duration-ms="3" status="PASS">
          <reporter-output>
          </reporter-output>
        </test-method> <!-- setUp -->
        <test-method signature="testGetDoctorpage()[pri:0, instance:test.java.spring.orm.controller.test.DoctorControllerTest@3a6f2de3]" started-at="2023-06-30T14:37:05 IST" name="testGetDoctorpage" finished-at="2023-06-30T14:37:05 IST" duration-ms="74" status="PASS">
          <reporter-output>
          </reporter-output>
        </test-method> <!-- testGetDoctorpage -->
        <test-method is-config="true" signature="setUp()[pri:0, instance:test.java.spring.orm.controller.test.DoctorControllerTest@3a6f2de3]" started-at="2023-06-30T14:37:05 IST" name="setUp" finished-at="2023-06-30T14:37:05 IST" duration-ms="1" status="PASS">
          <reporter-output>
          </reporter-output>
        </test-method> <!-- setUp -->
        <test-method signature="testHandleInvalidWeekdayException()[pri:0, instance:test.java.spring.orm.controller.test.DoctorControllerTest@3a6f2de3]" started-at="2023-06-30T14:37:05 IST" name="testHandleInvalidWeekdayException" finished-at="2023-06-30T14:37:05 IST" duration-ms="24" status="PASS">
          <reporter-output>
          </reporter-output>
        </test-method> <!-- testHandleInvalidWeekdayException -->
        <test-method is-config="true" signature="setUp()[pri:0, instance:test.java.spring.orm.controller.test.DoctorControllerTest@3a6f2de3]" started-at="2023-06-30T14:37:05 IST" name="setUp" finished-at="2023-06-30T14:37:05 IST" duration-ms="1" status="PASS">
          <reporter-output>
          </reporter-output>
        </test-method> <!-- setUp -->
        <test-method signature="testSaveDoctor()[pri:0, instance:test.java.spring.orm.controller.test.DoctorControllerTest@3a6f2de3]" started-at="2023-06-30T14:37:05 IST" name="testSaveDoctor" finished-at="2023-06-30T14:37:05 IST" duration-ms="26" status="PASS">
          <reporter-output>
          </reporter-output>
        </test-method> <!-- testSaveDoctor -->
        <test-method is-config="true" signature="setUp()[pri:0, instance:test.java.spring.orm.controller.test.DoctorControllerTest@3a6f2de3]" started-at="2023-06-30T14:37:05 IST" name="setUp" finished-at="2023-06-30T14:37:05 IST" duration-ms="1" status="PASS">
          <reporter-output>
          </reporter-output>
        </test-method> <!-- setUp -->
        <test-method signature="testUpdateDoctor()[pri:0, instance:test.java.spring.orm.controller.test.DoctorControllerTest@3a6f2de3]" started-at="2023-06-30T14:37:05 IST" name="testUpdateDoctor" finished-at="2023-06-30T14:37:05 IST" duration-ms="1" status="PASS">
          <reporter-output>
          </reporter-output>
        </test-method> <!-- testUpdateDoctor -->
      </class> <!-- test.java.spring.orm.controller.test.DoctorControllerTest -->
    </test> <!-- Default test -->
  </suite> <!-- Default suite -->
</testng-results>
